TN:
SF:contracts/AllowanceSheet.sol
FN:12,AllowanceSheet.addAllowance
FNDA:5,AllowanceSheet.addAllowance
DA:13,4
DA:13,4
FN:16,AllowanceSheet.subAllowance
FNDA:8,AllowanceSheet.subAllowance
DA:17,7
DA:17,7
FN:20,AllowanceSheet.setAllowance
FNDA:13,AllowanceSheet.setAllowance
DA:21,12
DA:21,12
FNF:3
FNH:3
LF:3
LH:3
BRF:0
BRH:0
end_of_record
TN:
SF:contracts/BalanceSheet.sol
FN:12,BalanceSheet.getTotalSupply
FNDA:8,BalanceSheet.getTotalSupply
DA:13,8
DA:13,8
FN:15,BalanceSheet.addBalance
FNDA:33,BalanceSheet.addBalance
DA:16,28
DA:16,28
DA:17,28
DA:17,28
FN:20,BalanceSheet.subBalance
FNDA:10,BalanceSheet.subBalance
DA:21,6
DA:21,6
DA:22,5
DA:22,5
FN:25,BalanceSheet.setBalance
FNDA:12,BalanceSheet.setBalance
DA:26,11
DA:26,11
BRDA:26,0,0,3
BRDA:26,0,1,8
DA:27,3
DA:27,3
DA:30,8
DA:30,8
DA:32,11
DA:32,11
FNF:4
FNH:4
LF:9
LH:9
BRF:2
BRH:2
end_of_record
TN:
SF:contracts/BasicToken.sol
FN:24,BasicToken.setBalanceSheet
FNDA:33,BasicToken.setBalanceSheet
DA:25,32
DA:25,32
FN:28,BasicToken.totalSupply
FNDA:1,BasicToken.totalSupply
DA:29,1
DA:29,1
DA:29,1
FN:37,BasicToken.transfer
FNDA:5,BasicToken.transfer
DA:38,5
DA:38,5
DA:39,1
DA:39,1
FN:42,BasicToken.transferAllArgs
FNDA:8,BasicToken.transferAllArgs
DA:43,8
DA:43,8
BRDA:43,0,0,1
BRDA:43,0,1,7
DA:44,7
DA:44,7
BRDA:44,1,0,-
BRDA:44,1,1,7
DA:45,7
DA:45,7
BRDA:45,2,0,2
BRDA:45,2,1,5
DA:48,5
DA:48,5
DA:49,2
DA:49,2
DA:50,2
DA:50,2
FN:57,BasicToken.balanceOf
FNDA:9,BasicToken.balanceOf
DA:58,9
DA:58,9
DA:58,9
FNF:5
FNH:5
LF:11
LH:11
BRF:6
BRH:5
end_of_record
TN:
SF:contracts/Claimable.sol
FN:18,Claimable.onlyPendingOwner
FNDA:36,Claimable.onlyPendingOwner
DA:19,36
DA:19,36
BRDA:19,0,0,2
BRDA:19,0,1,34
FN:27,Claimable.transferOwnership
FNDA:48,Claimable.transferOwnership
DA:28,47
DA:28,47
FN:34,Claimable.claimOwnership
FNDA:36,Claimable.claimOwnership
DA:35,34
DA:35,34
DA:36,34
DA:36,34
DA:37,34
DA:37,34
FNF:3
FNH:3
LF:5
LH:5
BRF:2
BRH:2
end_of_record
TN:
SF:contracts/Context.sol
FN:17,Context._msgSender
FNDA:350,Context._msgSender
DA:18,350
DA:18,350
FN:21,Context._msgData
FNDA:0,Context._msgData
DA:22,0
DA:22,0
FNF:2
FNH:1
LF:2
LH:1
BRF:0
BRH:0
end_of_record
TN:
SF:contracts/EquityCoin.sol
FN:34,EquityCoin.isVerifiedAddress
FNDA:2,EquityCoin.isVerifiedAddress
DA:35,2
DA:35,2
BRDA:35,0,0,-
BRDA:35,0,1,1
FN:39,EquityCoin.isShareholder
FNDA:1,EquityCoin.isShareholder
DA:40,1
DA:40,1
BRDA:40,1,0,-
BRDA:40,1,1,1
FN:44,EquityCoin.isNotShareholder
FNDA:1,EquityCoin.isNotShareholder
DA:45,1
DA:45,1
BRDA:45,2,0,-
BRDA:45,2,1,1
FN:49,EquityCoin.isNotCancelled
FNDA:16,EquityCoin.isNotCancelled
DA:50,16
DA:50,16
BRDA:50,3,0,-
BRDA:50,3,1,16
FN:55,EquityCoin.isNotLockingPeriod
FNDA:2,EquityCoin.isNotLockingPeriod
DA:56,2
DA:56,2
BRDA:56,4,0,1
BRDA:56,4,1,1
FN:60,EquityCoin.
FNDA:0,EquityCoin.
DA:62,0
DA:62,0
DA:63,0
DA:63,0
DA:64,0
DA:64,0
DA:65,0
DA:65,0
FN:69,EquityCoin.enableLockingPeriod
FNDA:3,EquityCoin.enableLockingPeriod
DA:70,3
DA:70,3
DA:71,3
DA:71,3
FN:74,EquityCoin.setLockingPeriod
FNDA:0,EquityCoin.setLockingPeriod
DA:75,0
DA:75,0
DA:75,0
DA:76,0
DA:76,0
DA:77,0
DA:77,0
FN:86,EquityCoin.mint
FNDA:10,EquityCoin.mint
DA:95,10
DA:95,10
DA:96,10
DA:96,10
DA:96,10
FN:103,EquityCoin.holderCount
FNDA:1,EquityCoin.holderCount
DA:108,1
DA:108,1
FN:118,EquityCoin.holderAt
FNDA:2,EquityCoin.holderAt
DA:124,2
DA:124,2
BRDA:124,5,0,-
BRDA:124,5,1,2
DA:125,2
DA:125,2
FN:136,EquityCoin.addVerified
FNDA:16,EquityCoin.addVerified
DA:141,16
DA:141,16
BRDA:141,6,0,-
BRDA:141,6,1,16
DA:142,16
DA:142,16
BRDA:142,7,0,-
BRDA:142,7,1,16
DA:143,16
DA:143,16
BRDA:143,8,0,-
BRDA:143,8,1,16
DA:144,16
DA:144,16
DA:145,16
DA:145,16
FN:155,EquityCoin.removeVerified
FNDA:1,EquityCoin.removeVerified
DA:159,1
DA:159,1
BRDA:159,9,0,-
BRDA:159,9,1,1
DA:160,1
DA:160,1
BRDA:160,10,0,1
BRDA:160,10,1,1
DA:161,1
DA:161,1
DA:162,1
DA:162,1
FN:176,EquityCoin.updateVerified
FNDA:1,EquityCoin.updateVerified
DA:181,1
DA:181,1
BRDA:181,11,0,-
BRDA:181,11,1,1
DA:182,1
DA:182,1
DA:183,1
DA:183,1
BRDA:183,12,0,1
BRDA:183,12,1,1
DA:184,1
DA:184,1
DA:185,1
DA:185,1
FN:199,EquityCoin.cancelAndReissue
FNDA:1,EquityCoin.cancelAndReissue
DA:208,1
DA:208,1
DA:209,1
DA:209,1
DA:210,1
DA:210,1
DA:210,1
DA:211,1
DA:211,1
DA:212,1
DA:212,1
DA:213,1
DA:213,1
DA:214,1
DA:214,1
DA:215,1
DA:215,1
DA:216,1
DA:216,1
FN:226,EquityCoin.transfer
FNDA:2,EquityCoin.transfer
DA:232,1
DA:232,1
DA:233,1
DA:233,1
DA:234,1
DA:234,1
DA:234,1
FN:244,EquityCoin.transferFrom
FNDA:2,EquityCoin.transferFrom
DA:250,1
DA:250,1
DA:251,1
DA:251,1
DA:252,1
DA:252,1
DA:252,1
FN:260,EquityCoin.isVerified
FNDA:2,EquityCoin.isVerified
DA:265,2
DA:265,2
DA:265,2
FN:273,EquityCoin.isHolder
FNDA:2,EquityCoin.isHolder
DA:278,2
DA:278,2
DA:278,2
FN:287,EquityCoin.hasHash
FNDA:1,EquityCoin.hasHash
DA:292,1
DA:292,1
BRDA:292,13,0,-
BRDA:292,13,1,1
DA:293,0
DA:293,0
DA:295,1
DA:295,1
DA:295,1
FN:303,EquityCoin.isSuperseded
FNDA:0,EquityCoin.isSuperseded
DA:309,0
DA:309,0
DA:309,0
FN:319,EquityCoin.getCurrentFor
FNDA:0,EquityCoin.getCurrentFor
DA:325,0
DA:325,0
DA:325,0
FN:333,EquityCoin.findCurrentFor
FNDA:0,EquityCoin.findCurrentFor
DA:338,0
DA:338,0
DA:339,0
DA:339,0
BRDA:339,14,0,-
BRDA:339,14,1,-
DA:340,0
DA:340,0
DA:342,0
DA:342,0
DA:342,0
FN:350,EquityCoin.updateShareholders
FNDA:12,EquityCoin.updateShareholders
DA:353,12
DA:353,12
BRDA:353,15,0,12
BRDA:353,15,1,12
DA:354,12
DA:354,12
DA:355,12
DA:355,12
FN:366,EquityCoin.pruneShareholders
FNDA:2,EquityCoin.pruneShareholders
DA:369,2
DA:369,2
DA:369,2
DA:369,2
DA:370,2
DA:370,2
BRDA:370,16,0,2
BRDA:370,16,1,-
DA:371,2
DA:371,2
DA:373,0
DA:373,0
DA:373,0
DA:374,0
DA:374,0
DA:374,0
DA:375,0
DA:375,0
DA:378,0
DA:378,0
DA:381,0
DA:381,0
DA:383,0
DA:383,0
DA:385,0
DA:385,0
FNF:25
FNH:20
LF:72
LH:51
BRF:34
BRH:20
end_of_record
TN:
SF:contracts/MintableToken.sol
FN:22,MintableToken.mint
FNDA:15,MintableToken.mint
DA:23,14
DA:23,14
DA:24,14
DA:24,14
DA:25,10
DA:25,10
DA:26,10
DA:26,10
DA:27,10
DA:27,10
FNF:1
FNH:1
LF:5
LH:5
BRF:0
BRH:0
end_of_record
TN:
SF:contracts/Ownable.sol
FN:27,Ownable.
FNDA:101,Ownable.
DA:28,101
DA:28,101
FN:34,Ownable.owner
FNDA:39,Ownable.owner
DA:35,278
DA:35,278
FN:41,Ownable.onlyOwner
FNDA:64,Ownable.onlyOwner
DA:42,64
DA:42,64
BRDA:42,0,0,2
BRDA:42,0,1,59
FN:53,Ownable.renounceOwnership
FNDA:2,Ownable.renounceOwnership
DA:54,1
DA:54,1
FN:61,Ownable.transferOwnership
FNDA:3,Ownable.transferOwnership
DA:62,2
DA:62,2
BRDA:62,1,0,1
BRDA:62,1,1,1
DA:63,1
DA:63,1
FN:70,Ownable._transferOwnership
FNDA:114,Ownable._transferOwnership
DA:71,114
DA:71,114
DA:72,103
DA:72,103
DA:73,103
DA:73,103
FNF:6
FNH:6
LF:9
LH:9
BRF:4
BRH:4
end_of_record
TN:
SF:contracts/SafeMath.sol
FN:13,SafeMath.mul
FNDA:2,SafeMath.mul
DA:14,2
DA:14,2
BRDA:14,0,0,-
BRDA:14,0,1,2
DA:15,0
DA:15,0
DA:17,2
DA:17,2
DA:17,2
DA:18,1
DA:18,1
BRDA:18,1,0,-
BRDA:18,1,1,1
DA:19,1
DA:19,1
FN:25,SafeMath.div
FNDA:2,SafeMath.div
DA:27,2
DA:27,2
DA:27,2
DA:29,1
DA:29,1
FN:35,SafeMath.sub
FNDA:15,SafeMath.sub
DA:36,15
DA:36,15
BRDA:36,2,0,3
BRDA:36,2,1,12
DA:37,12
DA:37,12
DA:37,12
FN:43,SafeMath.add
FNDA:34,SafeMath.add
DA:44,34
DA:44,34
DA:44,34
DA:45,33
DA:45,33
BRDA:45,3,0,-
BRDA:45,3,1,33
DA:46,33
DA:46,33
FNF:4
FNH:4
LF:12
LH:11
BRF:8
BRH:5
end_of_record
TN:
SF:contracts/StandardToken.sol
FN:20,StandardToken.setAllowanceSheet
FNDA:22,StandardToken.setAllowanceSheet
DA:21,22
DA:21,22
FN:30,StandardToken.transferFrom
FNDA:4,StandardToken.transferFrom
DA:31,4
DA:31,4
DA:32,1
DA:32,1
FN:35,StandardToken.transferFromAllArgs
FNDA:4,StandardToken.transferFromAllArgs
DA:36,4
DA:36,4
BRDA:36,0,0,1
BRDA:36,0,1,3
DA:38,3
DA:38,3
DA:39,3
DA:39,3
FN:52,StandardToken.approve
FNDA:8,StandardToken.approve
DA:53,8
DA:53,8
DA:54,8
DA:54,8
FN:57,StandardToken.approveAllArgs
FNDA:8,StandardToken.approveAllArgs
DA:58,8
DA:58,8
DA:59,8
DA:59,8
FN:68,StandardToken.allowance
FNDA:4,StandardToken.allowance
DA:69,4
DA:69,4
DA:69,4
FN:82,StandardToken.increaseApproval
FNDA:1,StandardToken.increaseApproval
DA:83,1
DA:83,1
DA:84,1
DA:84,1
FN:87,StandardToken.increaseApprovalAllArgs
FNDA:1,StandardToken.increaseApprovalAllArgs
DA:88,1
DA:88,1
DA:89,1
DA:89,1
FN:102,StandardToken.decreaseApproval
FNDA:1,StandardToken.decreaseApproval
DA:103,1
DA:103,1
DA:104,1
DA:104,1
FN:107,StandardToken.decreaseApprovalAllArgs
FNDA:1,StandardToken.decreaseApprovalAllArgs
DA:108,1
DA:108,1
DA:108,1
DA:109,1
DA:109,1
BRDA:109,1,0,-
BRDA:109,1,1,-
DA:110,0
DA:110,0
DA:112,1
DA:112,1
DA:114,1
DA:114,1
FNF:10
FNH:10
LF:22
LH:21
BRF:4
BRH:2
end_of_record
