TN:
SF:contracts/AllowanceSheet.sol
FN:12,AllowanceSheet.addAllowance
FNDA:5,AllowanceSheet.addAllowance
DA:13,4
DA:13,4
FN:16,AllowanceSheet.subAllowance
FNDA:8,AllowanceSheet.subAllowance
DA:17,7
DA:17,7
FN:20,AllowanceSheet.setAllowance
FNDA:12,AllowanceSheet.setAllowance
DA:21,11
DA:21,11
FNF:3
FNH:3
LF:3
LH:3
BRF:0
BRH:0
end_of_record
TN:
SF:contracts/BalanceSheet.sol
FN:12,BalanceSheet.getTotalSupply
FNDA:8,BalanceSheet.getTotalSupply
DA:13,8
DA:13,8
FN:15,BalanceSheet.addBalance
FNDA:36,BalanceSheet.addBalance
DA:16,31
DA:16,31
DA:17,31
DA:17,31
FN:20,BalanceSheet.subBalance
FNDA:11,BalanceSheet.subBalance
DA:21,7
DA:21,7
DA:22,6
DA:22,6
FN:25,BalanceSheet.setBalance
FNDA:18,BalanceSheet.setBalance
DA:26,17
DA:26,17
BRDA:26,0,0,6
BRDA:26,0,1,11
DA:27,6
DA:27,6
DA:30,11
DA:30,11
DA:32,17
DA:32,17
FNF:4
FNH:4
LF:9
LH:9
BRF:2
BRH:2
end_of_record
TN:
SF:contracts/BasicToken.sol
FN:24,BasicToken.setBalanceSheet
FNDA:37,BasicToken.setBalanceSheet
DA:25,36
DA:25,36
FN:28,BasicToken.totalSupply
FNDA:1,BasicToken.totalSupply
DA:29,1
DA:29,1
DA:29,1
FN:37,BasicToken.transfer
FNDA:6,BasicToken.transfer
DA:38,6
DA:38,6
DA:39,2
DA:39,2
FN:42,BasicToken.transferAllArgs
FNDA:9,BasicToken.transferAllArgs
DA:43,9
DA:43,9
BRDA:43,0,0,1
BRDA:43,0,1,8
DA:44,8
DA:44,8
BRDA:44,1,0,-
BRDA:44,1,1,8
DA:45,8
DA:45,8
BRDA:45,2,0,2
BRDA:45,2,1,6
DA:48,6
DA:48,6
DA:49,3
DA:49,3
DA:50,3
DA:50,3
FN:57,BasicToken.balanceOf
FNDA:7,BasicToken.balanceOf
DA:58,7
DA:58,7
DA:58,7
FNF:5
FNH:5
LF:11
LH:11
BRF:6
BRH:5
end_of_record
TN:
SF:contracts/Claimable.sol
FN:18,Claimable.onlyPendingOwner
FNDA:44,Claimable.onlyPendingOwner
DA:19,44
DA:19,44
BRDA:19,0,0,2
BRDA:19,0,1,42
FN:27,Claimable.transferOwnership
FNDA:56,Claimable.transferOwnership
DA:28,55
DA:28,55
FN:34,Claimable.claimOwnership
FNDA:44,Claimable.claimOwnership
DA:35,42
DA:35,42
DA:36,42
DA:36,42
DA:37,42
DA:37,42
FNF:3
FNH:3
LF:5
LH:5
BRF:2
BRH:2
end_of_record
TN:
SF:contracts/Context.sol
FN:17,Context._msgSender
FNDA:411,Context._msgSender
DA:18,411
DA:18,411
FN:21,Context._msgData
FNDA:1,Context._msgData
DA:22,1
DA:22,1
FNF:2
FNH:2
LF:2
LH:2
BRF:0
BRH:0
end_of_record
TN:
SF:contracts/EquityCoin.sol
FN:34,EquityCoin.isVerifiedAddress
FNDA:1,EquityCoin.isVerifiedAddress
DA:35,1
DA:35,1
BRDA:35,0,0,-
BRDA:35,0,1,2
FN:39,EquityCoin.isShareholder
FNDA:4,EquityCoin.isShareholder
DA:40,4
DA:40,4
BRDA:40,1,0,-
BRDA:40,1,1,4
FN:44,EquityCoin.isNotShareholder
FNDA:4,EquityCoin.isNotShareholder
DA:45,4
DA:45,4
BRDA:45,2,0,-
BRDA:45,2,1,4
FN:49,EquityCoin.isNotCancelled
FNDA:23,EquityCoin.isNotCancelled
DA:50,23
DA:50,23
BRDA:50,3,0,-
BRDA:50,3,1,23
FN:55,EquityCoin.isNotLockingPeriod
FNDA:1,EquityCoin.isNotLockingPeriod
DA:56,1
DA:56,1
BRDA:56,4,0,1
BRDA:56,4,1,2
FN:60,EquityCoin.
FNDA:0,EquityCoin.
DA:62,0
DA:62,0
DA:63,0
DA:63,0
DA:64,0
DA:64,0
DA:65,0
DA:65,0
FN:69,EquityCoin.enableLockingPeriod
FNDA:3,EquityCoin.enableLockingPeriod
DA:70,3
DA:70,3
DA:71,3
DA:71,3
FN:74,EquityCoin.setLockingPeriod
FNDA:1,EquityCoin.setLockingPeriod
DA:75,1
DA:75,1
DA:75,1
DA:76,1
DA:76,1
DA:77,1
DA:77,1
FN:86,EquityCoin.mint
FNDA:12,EquityCoin.mint
DA:95,12
DA:95,12
DA:96,12
DA:96,12
DA:96,12
FN:103,EquityCoin.holderCount
FNDA:1,EquityCoin.holderCount
DA:108,1
DA:108,1
FN:118,EquityCoin.holderAt
FNDA:2,EquityCoin.holderAt
DA:124,2
DA:124,2
BRDA:124,5,0,-
BRDA:124,5,1,2
DA:125,2
DA:125,2
FN:136,EquityCoin.addVerified
FNDA:23,EquityCoin.addVerified
DA:141,23
DA:141,23
BRDA:141,6,0,-
BRDA:141,6,1,23
DA:142,23
DA:142,23
BRDA:142,7,0,-
BRDA:142,7,1,23
DA:143,23
DA:143,23
BRDA:143,8,0,-
BRDA:143,8,1,23
DA:144,23
DA:144,23
DA:145,23
DA:145,23
FN:155,EquityCoin.removeVerified
FNDA:1,EquityCoin.removeVerified
DA:159,1
DA:159,1
BRDA:159,9,0,-
BRDA:159,9,1,1
DA:160,1
DA:160,1
BRDA:160,10,0,1
BRDA:160,10,1,1
DA:161,1
DA:161,1
DA:162,1
DA:162,1
FN:176,EquityCoin.updateVerified
FNDA:2,EquityCoin.updateVerified
DA:181,2
DA:181,2
BRDA:181,11,0,-
BRDA:181,11,1,2
DA:182,2
DA:182,2
DA:183,2
DA:183,2
BRDA:183,12,0,2
BRDA:183,12,1,2
DA:184,2
DA:184,2
DA:185,2
DA:185,2
FN:199,EquityCoin.cancelAndReissue
FNDA:4,EquityCoin.cancelAndReissue
DA:208,4
DA:208,4
DA:209,4
DA:209,4
DA:210,4
DA:210,4
DA:210,4
DA:211,4
DA:211,4
DA:212,4
DA:212,4
DA:213,4
DA:213,4
DA:214,4
DA:214,4
DA:215,4
DA:215,4
DA:216,4
DA:216,4
FN:226,EquityCoin.transfer
FNDA:3,EquityCoin.transfer
DA:232,2
DA:232,2
DA:233,2
DA:233,2
DA:234,2
DA:234,2
DA:234,2
FN:244,EquityCoin.transferFrom
FNDA:1,EquityCoin.transferFrom
DA:250,1
DA:250,1
DA:251,1
DA:251,1
DA:252,1
DA:252,1
DA:252,1
FN:260,EquityCoin.isVerified
FNDA:2,EquityCoin.isVerified
DA:265,2
DA:265,2
DA:265,2
FN:273,EquityCoin.isHolder
FNDA:4,EquityCoin.isHolder
DA:278,4
DA:278,4
DA:278,4
FN:287,EquityCoin.hasHash
FNDA:5,EquityCoin.hasHash
DA:292,5
DA:292,5
BRDA:292,13,0,-
BRDA:292,13,1,5
DA:293,0
DA:293,0
DA:295,5
DA:295,5
DA:295,5
FN:303,EquityCoin.isSuperseded
FNDA:2,EquityCoin.isSuperseded
DA:309,2
DA:309,2
DA:309,2
FN:319,EquityCoin.getCurrentFor
FNDA:5,EquityCoin.getCurrentFor
DA:325,5
DA:325,5
DA:325,5
FN:333,EquityCoin.findCurrentFor
FNDA:9,EquityCoin.findCurrentFor
DA:338,9
DA:338,9
DA:339,9
DA:339,9
BRDA:339,14,0,5
BRDA:339,14,1,4
DA:340,5
DA:340,5
DA:342,4
DA:342,4
DA:342,4
FN:350,EquityCoin.updateShareholders
FNDA:15,EquityCoin.updateShareholders
DA:353,15
DA:353,15
BRDA:353,15,0,15
BRDA:353,15,1,15
DA:354,15
DA:354,15
DA:355,15
DA:355,15
FN:366,EquityCoin.pruneShareholders
FNDA:3,EquityCoin.pruneShareholders
DA:369,3
DA:369,3
DA:369,3
DA:369,3
DA:370,3
DA:370,3
BRDA:370,16,0,2
BRDA:370,16,1,1
DA:371,2
DA:371,2
DA:373,1
DA:373,1
DA:373,1
DA:374,1
DA:374,1
DA:374,1
DA:375,1
DA:375,1
DA:378,1
DA:378,1
DA:381,1
DA:381,1
DA:383,1
DA:383,1
DA:385,1
DA:385,1
FNF:25
FNH:24
LF:72
LH:67
BRF:34
BRH:23
end_of_record
TN:
SF:contracts/MintableToken.sol
FN:22,MintableToken.mint
FNDA:17,MintableToken.mint
DA:23,16
DA:23,16
DA:24,16
DA:24,16
DA:25,12
DA:25,12
DA:26,12
DA:26,12
DA:27,12
DA:27,12
FNF:1
FNH:1
LF:5
LH:5
BRF:0
BRH:0
end_of_record
TN:
SF:contracts/Ownable.sol
FN:27,Ownable.
FNDA:109,Ownable.
DA:28,109
DA:28,109
FN:34,Ownable.owner
FNDA:39,Ownable.owner
DA:35,326
DA:35,326
FN:41,Ownable.onlyOwner
FNDA:67,Ownable.onlyOwner
DA:42,67
DA:42,67
BRDA:42,0,0,2
BRDA:42,0,1,69
FN:53,Ownable.renounceOwnership
FNDA:2,Ownable.renounceOwnership
DA:54,1
DA:54,1
FN:61,Ownable.transferOwnership
FNDA:3,Ownable.transferOwnership
DA:62,2
DA:62,2
BRDA:62,1,0,1
BRDA:62,1,1,1
DA:63,1
DA:63,1
FN:70,Ownable._transferOwnership
FNDA:126,Ownable._transferOwnership
DA:71,126
DA:71,126
DA:72,111
DA:72,111
DA:73,111
DA:73,111
FNF:6
FNH:6
LF:9
LH:9
BRF:4
BRH:4
end_of_record
TN:
SF:contracts/SafeMath.sol
FN:13,SafeMath.mul
FNDA:2,SafeMath.mul
DA:14,2
DA:14,2
BRDA:14,0,0,-
BRDA:14,0,1,2
DA:15,0
DA:15,0
DA:17,2
DA:17,2
DA:17,2
DA:18,1
DA:18,1
BRDA:18,1,0,-
BRDA:18,1,1,1
DA:19,1
DA:19,1
FN:25,SafeMath.div
FNDA:2,SafeMath.div
DA:27,2
DA:27,2
DA:27,2
DA:29,1
DA:29,1
FN:35,SafeMath.sub
FNDA:16,SafeMath.sub
DA:36,16
DA:36,16
BRDA:36,2,0,3
BRDA:36,2,1,13
DA:37,13
DA:37,13
DA:37,13
FN:43,SafeMath.add
FNDA:37,SafeMath.add
DA:44,37
DA:44,37
DA:44,37
DA:45,36
DA:45,36
BRDA:45,3,0,-
BRDA:45,3,1,36
DA:46,36
DA:46,36
FNF:4
FNH:4
LF:12
LH:11
BRF:8
BRH:5
end_of_record
TN:
SF:contracts/StandardToken.sol
FN:20,StandardToken.setAllowanceSheet
FNDA:26,StandardToken.setAllowanceSheet
DA:21,26
DA:21,26
FN:30,StandardToken.transferFrom
FNDA:4,StandardToken.transferFrom
DA:31,4
DA:31,4
DA:32,1
DA:32,1
FN:35,StandardToken.transferFromAllArgs
FNDA:4,StandardToken.transferFromAllArgs
DA:36,4
DA:36,4
BRDA:36,0,0,1
BRDA:36,0,1,3
DA:38,3
DA:38,3
DA:39,3
DA:39,3
FN:52,StandardToken.approve
FNDA:7,StandardToken.approve
DA:53,7
DA:53,7
DA:54,7
DA:54,7
FN:57,StandardToken.approveAllArgs
FNDA:7,StandardToken.approveAllArgs
DA:58,7
DA:58,7
DA:59,7
DA:59,7
FN:68,StandardToken.allowance
FNDA:4,StandardToken.allowance
DA:69,4
DA:69,4
DA:69,4
FN:82,StandardToken.increaseApproval
FNDA:1,StandardToken.increaseApproval
DA:83,1
DA:83,1
DA:84,1
DA:84,1
FN:87,StandardToken.increaseApprovalAllArgs
FNDA:1,StandardToken.increaseApprovalAllArgs
DA:88,1
DA:88,1
DA:89,1
DA:89,1
FN:102,StandardToken.decreaseApproval
FNDA:1,StandardToken.decreaseApproval
DA:103,1
DA:103,1
DA:104,1
DA:104,1
FN:107,StandardToken.decreaseApprovalAllArgs
FNDA:1,StandardToken.decreaseApprovalAllArgs
DA:108,1
DA:108,1
DA:108,1
DA:109,1
DA:109,1
BRDA:109,1,0,-
BRDA:109,1,1,-
DA:110,0
DA:110,0
DA:112,1
DA:112,1
DA:114,1
DA:114,1
FNF:10
FNH:10
LF:22
LH:21
BRF:4
BRH:2
end_of_record
